<?xml version="1.0" encoding="UTF-8"?>
<!-- Generated by org.testng.reporters.JUnitXMLReporter -->
<testsuite ignored="0" hostname="Subs-Machine" failures="0" tests="3" name="Default test" time="49.315" errors="0" timestamp="2022-05-09T07:56:00 IST">
  <testcase classname="phptravels.HomePageTest" name="dashboardTest" time="2.038"/>
  <testcase classname="phptravels.HomePageTest" name="loginTest" time="3.135"/>
  <testcase classname="phptravels.HomePageTest" name="signUpTest" time="13.084"/>
</testsuite> <!-- Default test -->
