<?xml version="1.0" encoding="UTF-8"?>
<!-- Generated by org.testng.reporters.JUnitXMLReporter -->
<testsuite ignored="2" hostname="Subs-Machine" failures="0" tests="1" name="Default test" time="12.717" errors="0" timestamp="2022-05-16T00:01:18 IST">
  <testcase classname="jiomart.HomePageTest" name="addFruitsToCart" time="5.099"/>
  <testcase classname="jiomart.HomePageTest" name="addAttaFromGroceries" time="0.0">
    <ignored/>
  </testcase> <!-- addAttaFromGroceries -->
  <testcase classname="jiomart.HomePageTest" name="changeDeliverAddressTest" time="0.0">
    <ignored/>
  </testcase> <!-- changeDeliverAddressTest -->
</testsuite> <!-- Default test -->
