<?xml version="1.0" encoding="UTF-8"?>
<!-- Generated by org.testng.reporters.JUnitXMLReporter -->
<testsuite ignored="0" hostname="Subs-Machine" failures="1" tests="4" name="practice Test" time="40.501" errors="0" timestamp="2022-05-11T09:31:15 IST">
  <testcase classname="phptravels.HomePageTest" name="signUpTest" time="13.348"/>
  <testcase classname="phptravels.HomePageTest" name="loginTest" time="2.765"/>
  <testcase classname="phptravels.HomePageTest" name="dashboardTest" time="2.064"/>
  <testcase classname="phptravels.FlightBookingTest" name="seachFlightTest" time="0.002">
    <failure type="java.lang.NullPointerException" message="Cannot invoke &amp;quot;org.openqa.selenium.JavascriptExecutor.executeScript(String, Object[])&amp;quot; because &amp;quot;js&amp;quot; is null">
      <![CDATA[java.lang.NullPointerException: Cannot invoke "org.openqa.selenium.JavascriptExecutor.executeScript(String, Object[])" because "js" is null
at phptravels.HomePageTest.scroll(HomePageTest.java:53)
at phptravels.HomePageTest.loginTest(HomePageTest.java:89)
at phptravels.FlightBookingTest.seachFlightTest(FlightBookingTest.java:57)
at java.base/java.util.ArrayList.forEach(ArrayList.java:1511)
... Removed 27 stack frames]]>
    </failure>
  </testcase> <!-- seachFlightTest -->
</testsuite> <!-- practice Test -->
