<?xml version="1.0" encoding="UTF-8"?>
<testng-results ignored="0" total="1" passed="1" failed="0" skipped="0">
  <reporter-output>
  </reporter-output>
  <suite started-at="2022-05-11T09:32:48 IST" name="Default suite" finished-at="2022-05-11T09:33:07 IST" duration-ms="18550">
    <groups>
    </groups>
    <test started-at="2022-05-11T09:32:48 IST" name="Default test" finished-at="2022-05-11T09:33:07 IST" duration-ms="18550">
      <class name="phptravels.FlightBookingTest">
        <test-method is-config="true" signature="setUp()[pri:0, instance:phptravels.FlightBookingTest@3ce1e309]" started-at="2022-05-11T09:32:48 IST" name="setUp" finished-at="2022-05-11T09:32:55 IST" duration-ms="6274" status="PASS">
          <reporter-output>
          </reporter-output>
        </test-method> <!-- setUp -->
        <test-method signature="seachFlightTest()[pri:0, instance:phptravels.FlightBookingTest@3ce1e309]" started-at="2022-05-11T09:32:55 IST" name="seachFlightTest" finished-at="2022-05-11T09:33:06 IST" duration-ms="11858" status="PASS">
          <reporter-output>
          </reporter-output>
        </test-method> <!-- seachFlightTest -->
        <test-method is-config="true" signature="tearDown()[pri:0, instance:phptravels.FlightBookingTest@3ce1e309]" started-at="2022-05-11T09:33:06 IST" name="tearDown" finished-at="2022-05-11T09:33:07 IST" duration-ms="376" status="PASS">
          <reporter-output>
          </reporter-output>
        </test-method> <!-- tearDown -->
      </class> <!-- phptravels.FlightBookingTest -->
    </test> <!-- Default test -->
  </suite> <!-- Default suite -->
</testng-results>
